This is pdfeTeX, Version 3.141592-1.21a-2.2 (Web2C 7.5.4) (format=pdflatex 2009.6.9)  26 APR 2011 11:44
entering extended mode
**PPoPP-report.tex
(./PPoPP-report.tex
LaTeX2e <2003/12/01>
Babel <v3.8d> and hyphenation patterns for american, french, german, ngerman, b
ahasa, basque, bulgarian, catalan, croatian, czech, danish, dutch, esperanto, e
stonian, finnish, greek, icelandic, irish, italian, latin, magyar, norsk, polis
h, portuges, romanian, russian, serbian, slovak, slovene, spanish, swedish, tur
kish, ukrainian, nohyphenation, loaded.
(./styles/sigplanconf.cls

LaTeX Warning: You have requested document class `styles/sigplanconf',
               but the document class provides `sigplanconf'.

Document Class: sigplanconf 2010/05/24 v2.4 ACM SIGPLAN Proceedings
\@numheaddepth=\count79
(/usr/share/texmf/tex/latex/base/article.cls
Document Class: article 2004/02/16 v1.4f Standard LaTeX document class
(/usr/share/texmf/tex/latex/base/size10.clo
File: size10.clo 2004/02/16 v1.4f Standard LaTeX file (size option)
)
\c@part=\count80
\c@section=\count81
\c@subsection=\count82
\c@subsubsection=\count83
\c@paragraph=\count84
\c@subparagraph=\count85
\c@figure=\count86
\c@table=\count87
\abovecaptionskip=\skip41
\belowcaptionskip=\skip42
\bibindent=\dimen102
)
\standardtextwidth=\dimen103
\standardvspace=\skip43

Using natbib package with 'numbers' citation style.
(/usr/share/texmf/tex/latex/natbib/natbib.sty
Package: natbib 2003/06/06 7.1 (PWD)
\bibhang=\skip44
\bibsep=\skip45
LaTeX Info: Redefining \cite on input line 518.
\c@NAT@ctr=\count88
)
\@sectionaboveskip=\skip46
\@sectionbelowskip=\skip47
\@subsectionaboveskip=\skip48
\@subsectionbelowskip=\skip49
\@paragraphaboveskip=\skip50
\@authorcount=\count89
\@titlenotecount=\count90
\@titlenotetext=\toks14
\@fnmark=\toks15
\@authori=\count91
\@measbox=\box26
)
(/usr/share/texmf/tex/latex/amsmath/amsmath.sty
Package: amsmath 2000/07/18 v2.13 AMS math features
\@mathmargin=\skip51

For additional information on amsmath, use the `?' option.
(/usr/share/texmf/tex/latex/amsmath/amstext.sty
Package: amstext 2000/06/29 v2.01

(/usr/share/texmf/tex/latex/amsmath/amsgen.sty
File: amsgen.sty 1999/11/30 v2.0
\@emptytoks=\toks16
\ex@=\dimen104
))
(/usr/share/texmf/tex/latex/amsmath/amsbsy.sty
Package: amsbsy 1999/11/29 v1.2d
\pmbraise@=\dimen105
)
(/usr/share/texmf/tex/latex/amsmath/amsopn.sty
Package: amsopn 1999/12/14 v2.01 operator names
)
\inf@bad=\count92
LaTeX Info: Redefining \frac on input line 211.
\uproot@=\count93
\leftroot@=\count94
LaTeX Info: Redefining \overline on input line 307.
\classnum@=\count95
\DOTSCASE@=\count96
LaTeX Info: Redefining \ldots on input line 379.
LaTeX Info: Redefining \dots on input line 382.
LaTeX Info: Redefining \cdots on input line 467.
\Mathstrutbox@=\box27
\strutbox@=\box28
\big@size=\dimen106
LaTeX Font Info:    Redeclaring font encoding OML on input line 567.
LaTeX Font Info:    Redeclaring font encoding OMS on input line 568.
\macc@depth=\count97
\c@MaxMatrixCols=\count98
\dotsspace@=\muskip10
\c@parentequation=\count99
\dspbrk@lvl=\count100
\tag@help=\toks17
\row@=\count101
\column@=\count102
\maxfields@=\count103
\andhelp@=\toks18
\eqnshift@=\dimen107
\alignsep@=\dimen108
\tagshift@=\dimen109
\tagwidth@=\dimen110
\totwidth@=\dimen111
\lineht@=\dimen112
\@envbody=\toks19
\multlinegap=\skip52
\multlinetaggap=\skip53
\mathdisplay@stack=\toks20
LaTeX Info: Redefining \[ on input line 2666.
LaTeX Info: Redefining \] on input line 2667.
)
(/usr/share/texmf/tex/latex/psnfss/times.sty
Package: times 2004/09/15 PSNFSS-v9.2 (SPQR) 
)
(/usr/share/texmf/tex/latex/graphics/epsfig.sty
Package: epsfig 1999/02/16 v1.7a (e)psfig emulation (SPQR)

(/usr/share/texmf/tex/latex/graphics/graphicx.sty
Package: graphicx 1999/02/16 v1.0f Enhanced LaTeX Graphics (DPC,SPQR)

(/usr/share/texmf/tex/latex/graphics/keyval.sty
Package: keyval 1999/03/16 v1.13 key=value parser (DPC)
\KV@toks@=\toks21
)
(/usr/share/texmf/tex/latex/graphics/graphics.sty
Package: graphics 2001/07/07 v1.0n Standard LaTeX Graphics (DPC,SPQR)

(/usr/share/texmf/tex/latex/graphics/trig.sty
Package: trig 1999/03/16 v1.09 sin cos tan (DPC)
)
(/usr/share/texmf/tex/latex/graphics/graphics.cfg
File: graphics.cfg 2005/02/03 v1.3 graphics configuration of teTeX/TeXLive
)
Package graphics Info: Driver file: pdftex.def on input line 80.

(/usr/share/texmf/tex/latex/graphics/pdftex.def
File: pdftex.def 2002/06/19 v0.03k graphics/color for pdftex
\Gread@gobject=\count104
))
\Gin@req@height=\dimen113
\Gin@req@width=\dimen114
)
\epsfxsize=\dimen115
\epsfysize=\dimen116
)
(/usr/share/texmf/tex/latex/subfigure/subfigure.sty
Package: subfigure 2002/07/30 v2.1.4 subfigure package
\subfigtopskip=\skip54
\subfigcapskip=\skip55
\subfigcaptopadj=\dimen117
\subfigbottomskip=\skip56
\subfigcapmargin=\dimen118
\subfiglabelskip=\skip57
\c@subfigure=\count105
\c@lofdepth=\count106
\c@subtable=\count107
\c@lotdepth=\count108

****************************************
* Local config file subfigure.cfg used *
****************************************
(/usr/share/texmf/tex/latex/subfigure/subfigure.cfg)
\subfig@top=\skip58
\subfig@bottom=\skip59
)
(/usr/share/texmf/tex/latex/preprint/balance.sty
Package: balance 1999/02/23 4.3 (PWD)
\oldvsize=\dimen119
)
(/usr/share/texmf/tex/latex/graphics/color.sty
Package: color 1999/02/16 v1.0i Standard LaTeX Color (DPC)

(/usr/share/texmf/tex/latex/graphics/color.cfg
File: color.cfg 2005/02/03 v1.3 color configuration of teTeX/TeXLive
)
Package color Info: Driver file: pdftex.def on input line 125.
)
(/usr/share/texmf/tex/latex/mdwtools/mdwlist.sty
Package: mdwlist 1996/05/02 1.1 Various list-related things
)
(/usr/share/texmf/tex/latex/fancyvrb/fancyvrb.sty
Package: fancyvrb 1998/07/17

Style option: `fancyvrb' v2.6, with DG/SPQR fixes <1998/07/17> (tvz)
\FV@CodeLineNo=\count109
\FV@InFile=\read1
\FV@TabBox=\box29
\c@FancyVerbLine=\count110
\FV@StepNumber=\count111
\FV@OutFile=\write3

No file fancyvrb.cfg.
) (./PPoPP-report.aux)
\openout1 = `PPoPP-report.aux'.

LaTeX Font Info:    Checking defaults for OML/cmm/m/it on input line 40.
LaTeX Font Info:    ... okay on input line 40.
LaTeX Font Info:    Checking defaults for T1/cmr/m/n on input line 40.
LaTeX Font Info:    ... okay on input line 40.
LaTeX Font Info:    Checking defaults for OT1/cmr/m/n on input line 40.
LaTeX Font Info:    ... okay on input line 40.
LaTeX Font Info:    Checking defaults for OMS/cmsy/m/n on input line 40.
LaTeX Font Info:    ... okay on input line 40.
LaTeX Font Info:    Checking defaults for OMX/cmex/m/n on input line 40.
LaTeX Font Info:    ... okay on input line 40.
LaTeX Font Info:    Checking defaults for U/cmr/m/n on input line 40.
LaTeX Font Info:    ... okay on input line 40.
LaTeX Font Info:    Try loading font information for OT1+ptm on input line 40.
 (/usr/share/texmf/tex/latex/psnfss/ot1ptm.fd
File: ot1ptm.fd 2001/06/04 font definitions for OT1/ptm.
)
(/usr/share/texmf/tex/context/base/supp-pdf.tex
(/usr/share/texmf/tex/context/base/supp-mis.tex
loading : Context Support Macros / Miscellaneous (2004.10.26)
\protectiondepth=\count112
\scratchcounter=\count113
\scratchtoks=\toks22
\scratchdimen=\dimen120
\scratchskip=\skip60
\scratchmuskip=\muskip11
\scratchbox=\box30
\scratchread=\read2
\scratchwrite=\write4
\zeropoint=\dimen121
\onepoint=\dimen122
\onebasepoint=\dimen123
\minusone=\count114
\thousandpoint=\dimen124
\onerealpoint=\dimen125
\emptytoks=\toks23
\nextbox=\box31
\nextdepth=\dimen126
\everyline=\toks24
\!!counta=\count115
\!!countb=\count116
\recursecounter=\count117
)
loading : Context Support Macros / PDF (2004.03.26)
\nofMPsegments=\count118
\nofMParguments=\count119
\MPscratchCnt=\count120
\MPscratchDim=\dimen127
\MPnumerator=\count121
\everyMPtoPDFconversion=\toks25
)
LaTeX Font Info:    Font shape `OT1/ptm/bx/n' in size <9> not available
(Font)              Font shape `OT1/ptm/b/n' tried instead on input line 58.
LaTeX Font Info:    Font shape `OT1/ptm/bx/n' in size <18> not available
(Font)              Font shape `OT1/ptm/b/n' tried instead on input line 58.
LaTeX Font Info:    Try loading font information for OT1+phv on input line 58.
 (/usr/share/texmf/tex/latex/psnfss/ot1phv.fd
File: ot1phv.fd 2001/06/04 scalable font definitions for OT1/phv.
)
LaTeX Font Info:    Font shape `OT1/ptm/bx/n' in size <11> not available
(Font)              Font shape `OT1/ptm/b/n' tried instead on input line 60.
LaTeX Font Info:    Try loading font information for OMS+ptm on input line 145.


(/usr/share/texmf/tex/latex/psnfss/omsptm.fd
File: omsptm.fd 
)
LaTeX Font Info:    Font shape `OMS/ptm/m/n' in size <8> not available
(Font)              Font shape `OMS/cmsy/m/n' tried instead on input line 145.
 [1{/usr/share/texmf-var/fonts/map/pdftex/updmap/pdftex.map}


]
Warning: pdflatex (file figures/WorkFlow.pdf): pdf inclusion: found pdf version
 <1.5>, but at most version <1.4> allowed
<figures/WorkFlow.pdf, id=17, 614.295pt x 794.97pt>
File: figures/WorkFlow.pdf Graphic file (type pdf)
 <use figures/WorkFlow.pdf>
[2 <./figures/WorkFlow.pdf
Warning: pdflatex (file ./figures/WorkFlow.pdf): pdf inclusion: Page Group dete
cted which pdfTeX can't handle. Ignoring it.
>]
Warning: pdflatex (file figures/Diagrams.pdf): pdf inclusion: found pdf version
 <1.5>, but at most version <1.4> allowed
<figures/Diagrams.pdf, id=41, 614.295pt x 794.97pt>
File: figures/Diagrams.pdf Graphic file (type pdf)
 <use figures/Diagrams.pdf>
LaTeX Font Info:    Try loading font information for OT1+pcr on input line 369.


(/usr/share/texmf/tex/latex/psnfss/ot1pcr.fd
File: ot1pcr.fd 2001/06/04 font definitions for OT1/pcr.
) [3 <./figures/Diagrams.pdf
Warning: pdflatex (file ./figures/Diagrams.pdf): pdf inclusion: Page Group dete
cted which pdfTeX can't handle. Ignoring it.
>]
Warning: pdflatex (file figures/CUDADiagram.pdf): pdf inclusion: found pdf vers
ion <1.5>, but at most version <1.4> allowed
<figures/CUDADiagram.pdf, id=86, 722.7pt x 542.025pt>
File: figures/CUDADiagram.pdf Graphic file (type pdf)

<use figures/CUDADiagram.pdf>
Underfull \hbox (badness 1728) in paragraph at lines 584--584
\OT1/ptm/b/n/9 Figure 4. \OT1/ptm/m/n/9 NVIDIA GPU Di-a-gram. The CPU con-trol 
thread
 []

[4] [5 <./figures/CUDADiagram.pdf
Warning: pdflatex (file ./figures/CUDADiagram.pdf): pdf inclusion: Page Group d
etected which pdfTeX can't handle. Ignoring it.
>]
Underfull \vbox (badness 10000) has occurred while \output is active []

 [6]
LaTeX Font Info:    Font shape `OT1/ptm/bx/it' in size <9> not available
(Font)              Font shape `OT1/ptm/b/it' tried instead on input line 832.

Warning: pdflatex (file figures/PathfinderTimingData.pdf): pdf inclusion: found
 pdf version <1.5>, but at most version <1.4> allowed
<figures/PathfinderTimingData.pdf, id=117, 794.97pt x 614.295pt>
File: figures/PathfinderTimingData.pdf Graphic file (type pdf)

<use figures/PathfinderTimingData.pdf>
Warning: pdflatex (file figures/HotSpotTimingData.pdf): pdf inclusion: found pd
f version <1.5>, but at most version <1.4> allowed
<figures/HotSpotTimingData.pdf, id=119, 794.97pt x 614.295pt>
File: figures/HotSpotTimingData.pdf Graphic file (type pdf)

<use figures/HotSpotTimingData.pdf>
Warning: pdflatex (file figures/CellTimingData.pdf): pdf inclusion: found pdf v
ersion <1.5>, but at most version <1.4> allowed
<figures/CellTimingData.pdf, id=121, 794.97pt x 614.295pt>
File: figures/CellTimingData.pdf Graphic file (type pdf)

<use figures/CellTimingData.pdf> [7 <./figures/PathfinderTimingData.pdf
Warning: pdflatex (file ./figures/PathfinderTimingData.pdf): pdf inclusion: Pag
e Group detected which pdfTeX can't handle. Ignoring it.
> <./figures/HotSpotTimingData.pdf
Warning: pdflatex (file ./figures/HotSpotTimingData.pdf): pdf inclusion: Page G
roup detected which pdfTeX can't handle. Ignoring it.
>]
Warning: pdflatex (file figures/HotSpotModelActual.pdf): pdf inclusion: found p
df version <1.5>, but at most version <1.4> allowed
<figures/HotSpotModelActual.pdf, id=150, 794.97pt x 614.295pt>
File: figures/HotSpotModelActual.pdf Graphic file (type pdf)

<use figures/HotSpotModelActual.pdf>
Underfull \vbox (badness 1242) has occurred while \output is active []

 [8 <./figures/CellTimingData.pdf
Warning: pdflatex (file ./figures/CellTimingData.pdf): pdf inclusion: Page Grou
p detected which pdfTeX can't handle. Ignoring it.
> <./figures/HotSpotModelActual.pdf
Warning: pdflatex (file ./figures/HotSpotModelActual.pdf): pdf inclusion: Page 
Group detected which pdfTeX can't handle. Ignoring it.
>] [9]
Underfull \hbox (badness 1184) in paragraph at lines 1174--1183
[]\OT1/ptm/m/n/9 Micikevicius ex-plored hand cod-ing sten-cil ap-pli-ca-tions o
n
 []

(./PPoPP-report.bbl
Underfull \hbox (badness 5954) in paragraph at lines 103--107
[]\OT1/ptm/m/n/8 K. Skadron, M. R. Stan, K. Sankara-narayanan, W. Huang,
 []

)

Package balance Warning: You have called \balance in second column
(balance)                Columns might not be balanced.

[10] (./PPoPP-report.aux)

LaTeX Warning: Label(s) may have changed. Rerun to get cross-references right.

 ) 
Here is how much of TeX's memory you used:
 2818 strings out of 94500
 35480 string characters out of 1176767
 99085 words of memory out of 1000000
 5943 multiletter control sequences out of 10000+50000
 25869 words of font info for 52 fonts, out of 500000 for 2000
 580 hyphenation exceptions out of 1000
 32i,9n,30p,628b,299s stack positions out of 1500i,500n,5000p,200000b,5000s
PDF statistics:
 183 PDF objects out of 300000
 0 named destinations out of 131072
 78 words of extra memory for PDF output out of 65536
</usr/share/texmf/fonts/type1/bluesky/cm/cmr6.pfb>{/usr/share/texmf/fonts/enc
/dvips/psnfss/8r.enc}</usr/share/texmf/fonts/type1/urw/times/utmbi8a.pfb></usr/
share/texmf/fonts/type1/bluesky/cm/cmsy9.pfb></usr/share/texmf/fonts/type1/urw/
courier/ucrr8a.pfb></usr/share/texmf/fonts/type1/bluesky/cm/cmr9.pfb></usr/shar
e/texmf/fonts/type1/bluesky/cm/cmmi6.pfb></usr/share/texmf/fonts/type1/bluesky/
cm/cmmi9.pfb></usr/share/texmf/fonts/type1/bluesky/cm/cmsy8.pfb></usr/share/tex
mf/fonts/type1/urw/times/utmri8a.pfb></usr/share/texmf/fonts/type1/urw/times/ut
mr8a.pfb></usr/share/texmf/fonts/type1/urw/times/utmb8a.pfb>
Output written on PPoPP-report.pdf (10 pages, 950736 bytes).
